mode: atomic
social-engine/common/logger/logger.go:9.41,15.2 1 3
social-engine/common/logger/logger.go:17.49,18.16 1 3
social-engine/common/logger/logger.go:18.16,20.3 1 0
social-engine/common/logger/logger.go:21.2,21.42 1 3
social-engine/common/logger/logger.go:21.42,22.30 1 0
social-engine/common/logger/logger.go:22.30,24.4 1 0
social-engine/common/logger/logger.go:26.2,26.11 1 3
social-engine/common/logger/logger.go:29.54,30.16 1 7
social-engine/common/logger/logger.go:30.16,32.3 1 0
social-engine/common/logger/logger.go:33.2,33.46 1 7
social-engine/common/logger/logger.go:33.46,34.30 1 4
social-engine/common/logger/logger.go:34.30,36.4 1 2
social-engine/common/logger/logger.go:38.2,38.11 1 5
social-engine/common/logger/logger.go:41.48,42.16 1 7
social-engine/common/logger/logger.go:42.16,44.3 1 0
social-engine/common/logger/logger.go:45.2,45.41 1 7
social-engine/common/logger/logger.go:45.41,46.30 1 4
social-engine/common/logger/logger.go:46.30,48.4 1 2
social-engine/common/logger/logger.go:50.2,50.11 1 5
social-engine/handlers/auth.go:57.35,64.43 3 3
social-engine/handlers/auth.go:64.43,66.3 1 0
social-engine/handlers/auth.go:68.2,70.48 2 3
social-engine/handlers/auth.go:70.48,72.3 1 1
social-engine/handlers/auth.go:77.2,77.28 1 2
social-engine/handlers/auth.go:77.28,79.3 1 0
social-engine/handlers/auth.go:81.2,84.16 2 2
social-engine/handlers/auth.go:84.16,86.3 1 0
social-engine/handlers/auth.go:87.2,87.11 1 2
social-engine/handlers/auth.go:87.11,89.3 1 1
social-engine/handlers/auth.go:91.2,92.16 2 1
social-engine/handlers/auth.go:92.16,94.3 1 0
social-engine/handlers/auth.go:96.2,97.16 2 1
social-engine/handlers/auth.go:97.16,99.3 1 0
social-engine/handlers/auth.go:101.2,110.51 2 1
social-engine/handlers/auth.go:110.51,112.3 1 0
social-engine/handlers/auth.go:114.2,115.16 2 1
social-engine/handlers/auth.go:115.16,117.3 1 0
social-engine/handlers/auth.go:119.2,128.4 1 1
social-engine/handlers/auth.go:143.32,150.43 3 4
social-engine/handlers/auth.go:150.43,152.3 1 0
social-engine/handlers/auth.go:154.2,156.48 2 4
social-engine/handlers/auth.go:156.48,158.3 1 1
social-engine/handlers/auth.go:160.2,164.16 3 3
social-engine/handlers/auth.go:164.16,165.45 1 1
social-engine/handlers/auth.go:165.45,170.4 2 1
social-engine/handlers/auth.go:171.3,171.86 1 0
social-engine/handlers/auth.go:174.2,174.60 1 2
social-engine/handlers/auth.go:174.60,176.3 1 1
social-engine/handlers/auth.go:178.2,179.16 2 1
social-engine/handlers/auth.go:179.16,181.3 1 0
social-engine/handlers/auth.go:183.2,192.4 1 1
social-engine/handlers/comments.go:28.39,35.16 3 1
social-engine/handlers/comments.go:35.16,37.3 1 0
social-engine/handlers/comments.go:39.2,43.16 2 1
social-engine/handlers/comments.go:43.16,45.3 1 0
social-engine/handlers/comments.go:47.2,48.21 2 1
social-engine/handlers/comments.go:48.21,50.3 1 0
social-engine/handlers/comments.go:52.2,52.63 1 1
social-engine/handlers/comments.go:68.37,76.16 3 2
social-engine/handlers/comments.go:76.16,78.3 1 0
social-engine/handlers/comments.go:80.2,81.43 2 2
social-engine/handlers/comments.go:81.43,83.3 1 0
social-engine/handlers/comments.go:85.2,87.48 2 2
social-engine/handlers/comments.go:87.48,89.3 1 0
social-engine/handlers/comments.go:91.2,94.16 2 2
social-engine/handlers/comments.go:94.16,96.3 1 0
social-engine/handlers/comments.go:97.2,97.13 1 2
social-engine/handlers/comments.go:97.13,99.3 1 1
social-engine/handlers/comments.go:101.2,102.54 2 1
social-engine/handlers/comments.go:102.54,104.3 1 0
social-engine/handlers/comments.go:107.2,107.70 1 1
social-engine/handlers/comments.go:107.70,109.3 1 0
social-engine/handlers/comments.go:111.2,111.68 1 1
social-engine/handlers/context.go:17.37,20.2 2 16
social-engine/handlers/explore.go:29.34,36.74 2 2
social-engine/handlers/explore.go:36.74,46.17 2 1
social-engine/handlers/explore.go:46.17,48.4 1 0
social-engine/handlers/explore.go:49.3,49.94 1 1
social-engine/handlers/explore.go:53.2,58.16 2 1
social-engine/handlers/explore.go:58.16,60.3 1 0
social-engine/handlers/explore.go:61.2,62.18 2 1
social-engine/handlers/explore.go:62.18,64.3 1 0
social-engine/handlers/explore.go:67.2,68.16 2 1
social-engine/handlers/explore.go:68.16,70.3 1 0
social-engine/handlers/explore.go:71.2,76.4 2 1
social-engine/handlers/health.go:30.33,44.17 5 2
social-engine/handlers/health.go:44.17,47.3 2 1
social-engine/handlers/health.go:49.2,52.4 1 2
social-engine/handlers/likes.go:33.37,41.16 3 3
social-engine/handlers/likes.go:41.16,43.3 1 0
social-engine/handlers/likes.go:45.2,48.16 2 3
social-engine/handlers/likes.go:48.16,50.3 1 0
social-engine/handlers/likes.go:51.2,51.17 1 3
social-engine/handlers/likes.go:51.17,53.3 1 1
social-engine/handlers/likes.go:55.2,58.16 3 2
social-engine/handlers/likes.go:58.16,60.3 1 0
social-engine/handlers/likes.go:62.2,62.11 1 2
social-engine/handlers/likes.go:62.11,63.102 1 1
social-engine/handlers/likes.go:63.102,65.4 1 0
social-engine/handlers/likes.go:66.8,67.93 1 1
social-engine/handlers/likes.go:67.93,69.4 1 0
social-engine/handlers/likes.go:72.2,75.16 2 2
social-engine/handlers/likes.go:75.16,77.3 1 0
social-engine/handlers/likes.go:79.2,82.4 1 2
social-engine/handlers/me.go:34.38,41.66 3 1
social-engine/handlers/me.go:41.66,42.45 1 0
social-engine/handlers/me.go:42.45,44.4 1 0
social-engine/handlers/me.go:45.3,45.86 1 0
social-engine/handlers/me.go:48.2,48.60 1 1
social-engine/handlers/me.go:62.40,70.43 3 2
social-engine/handlers/me.go:70.43,72.3 1 0
social-engine/handlers/me.go:74.2,77.48 3 2
social-engine/handlers/me.go:77.48,79.3 1 0
social-engine/handlers/me.go:80.2,80.43 1 2
social-engine/handlers/me.go:80.43,82.3 1 1
social-engine/handlers/me.go:83.2,83.43 1 1
social-engine/handlers/me.go:83.43,85.3 1 0
social-engine/handlers/me.go:87.2,96.17 2 1
social-engine/handlers/me.go:96.17,98.3 1 0
social-engine/handlers/me.go:100.2,106.4 1 1
social-engine/handlers/posts.go:32.31,39.16 3 1
social-engine/handlers/posts.go:39.16,41.3 1 0
social-engine/handlers/posts.go:43.2,43.94 1 1
social-engine/handlers/posts.go:54.30,61.16 3 2
social-engine/handlers/posts.go:61.16,63.3 1 0
social-engine/handlers/posts.go:65.2,66.63 2 2
social-engine/handlers/posts.go:66.63,67.45 1 1
social-engine/handlers/posts.go:67.45,69.4 1 1
social-engine/handlers/posts.go:70.3,70.86 1 0
social-engine/handlers/posts.go:73.2,74.60 2 1
social-engine/handlers/posts.go:88.33,96.43 3 2
social-engine/handlers/posts.go:96.43,98.3 1 0
social-engine/handlers/posts.go:100.2,102.48 2 2
social-engine/handlers/posts.go:102.48,104.3 1 1
social-engine/handlers/posts.go:106.2,109.73 3 1
social-engine/handlers/posts.go:109.73,110.50 1 1
social-engine/handlers/posts.go:110.50,112.4 1 0
social-engine/handlers/posts.go:114.3,114.20 1 1
social-engine/handlers/posts.go:114.20,116.29 2 1
social-engine/handlers/posts.go:116.29,118.5 1 2
social-engine/handlers/posts.go:119.4,119.53 1 1
social-engine/handlers/posts.go:119.53,121.5 1 0
social-engine/handlers/posts.go:124.3,124.13 1 1
social-engine/handlers/posts.go:126.2,126.16 1 1
social-engine/handlers/posts.go:126.16,128.3 1 0
social-engine/handlers/posts.go:131.2,131.64 1 1
social-engine/handlers/posts.go:131.64,133.3 1 0
social-engine/handlers/posts.go:135.2,136.65 2 1
social-engine/handlers/trending.go:26.35,34.16 3 1
social-engine/handlers/trending.go:34.16,36.3 1 0
social-engine/handlers/trending.go:38.2,39.16 2 1
social-engine/handlers/trending.go:39.16,41.3 1 0
social-engine/handlers/trending.go:42.2,47.4 2 1
social-engine/handlers/users.go:26.37,38.16 5 2
social-engine/handlers/users.go:38.16,39.45 1 1
social-engine/handlers/users.go:39.45,41.4 1 1
social-engine/handlers/users.go:42.3,42.86 1 0
social-engine/handlers/users.go:45.2,48.16 2 1
social-engine/handlers/users.go:48.16,50.3 1 0
social-engine/handlers/users.go:52.2,55.16 2 1
social-engine/handlers/users.go:55.16,57.3 1 0
social-engine/handlers/users.go:59.2,62.16 2 1
social-engine/handlers/users.go:62.16,64.3 1 0
social-engine/handlers/users.go:66.2,72.60 2 1
social-engine/handlers/users.go:82.40,94.16 5 1
social-engine/handlers/users.go:94.16,95.45 1 0
social-engine/handlers/users.go:95.45,97.4 1 0
social-engine/handlers/users.go:98.3,98.86 1 0
social-engine/handlers/users.go:101.2,105.16 2 1
social-engine/handlers/users.go:105.16,107.3 1 0
social-engine/handlers/users.go:109.2,109.94 1 1
social-engine/common/models/auth.go:28.31,30.13 2 7
social-engine/common/models/auth.go:30.13,32.3 1 2
social-engine/common/models/auth.go:33.2,33.23 1 5
social-engine/common/models/auth.go:39.29,40.51 1 3
social-engine/common/models/auth.go:40.51,42.3 1 2
social-engine/common/models/auth.go:43.2,43.12 1 1
social-engine/common/models/auth.go:47.54,49.16 2 3
social-engine/common/models/auth.go:49.16,51.3 1 1
social-engine/common/models/auth.go:53.2,60.76 3 2
social-engine/common/models/auth.go:64.56,66.16 2 4
social-engine/common/models/auth.go:66.16,68.3 1 1
social-engine/common/models/auth.go:70.2,71.89 2 3
social-engine/common/models/auth.go:71.89,72.54 1 2
social-engine/common/models/auth.go:72.54,74.4 1 0
social-engine/common/models/auth.go:75.3,75.18 1 2
social-engine/common/models/auth.go:77.2,77.32 1 3
social-engine/common/models/auth.go:77.32,79.3 1 2
social-engine/common/models/auth.go:81.2,82.16 2 1
social-engine/common/models/auth.go:82.16,84.3 1 0
social-engine/common/models/auth.go:86.2,86.20 1 1
social-engine/common/models/auth.go:90.52,92.16 2 1
social-engine/common/models/auth.go:92.16,94.3 1 0
social-engine/common/models/auth.go:95.2,95.26 1 1
social-engine/common/models/auth.go:99.48,101.2 1 3
social-engine/common/models/auth.go:107.41,109.16 2 1
social-engine/common/models/auth.go:109.16,110.13 1 0
social-engine/common/models/auth.go:112.2,112.13 1 1
social-engine/common/models/auth.go:119.46,121.2 1 2
social-engine/common/models/post.go:17.47,22.28 4 7
social-engine/common/models/post.go:22.28,24.29 2 14
social-engine/common/models/post.go:24.29,25.12 1 3
social-engine/common/models/post.go:27.3,28.27 2 11
social-engine/common/models/post.go:30.2,30.13 1 7
social-engine/common/models/post.go:36.69,40.29 3 3
social-engine/common/models/post.go:40.29,43.3 2 2
social-engine/common/models/post.go:44.2,44.18 1 3
social-engine/common/models/post.go:49.65,53.47 3 4
social-engine/common/models/post.go:53.47,54.51 1 5
social-engine/common/models/post.go:54.51,56.4 1 4
social-engine/common/models/post.go:57.3,57.56 1 1
social-engine/common/models/post.go:60.2,60.30 1 4
social-engine/common/models/post.go:60.30,62.3 1 1
social-engine/common/models/post.go:63.2,63.15 1 4
social-engine/common/models/post_hashtag.go:19.107,21.85 2 2
social-engine/common/models/post_hashtag.go:21.85,23.3 1 1
social-engine/common/models/post_hashtag.go:24.2,24.20 1 1
social-engine/common/models/user.go:27.54,29.26 2 2
social-engine/common/models/user.go:29.26,31.3 1 20
social-engine/common/models/user.go:32.2,32.12 1 2
social-engine/common/models/user.go:36.38,39.2 2 7
social-engine/common/models/user.go:42.38,45.2 2 7
social-engine/common/models/user.go:48.45,52.43 3 10
social-engine/common/models/user.go:52.43,53.10 1 47
social-engine/common/models/user.go:54.71,55.18 1 45
social-engine/common/models/user.go:59.2,60.20 2 10
social-engine/common/models/user.go:60.20,62.3 1 2
social-engine/common/models/user.go:63.2,63.17 1 10
social-engine/common/models/user.go:69.101,75.16 3 2
social-engine/common/models/user.go:75.16,77.3 1 0
social-engine/common/models/user.go:78.2,78.12 1 2
social-engine/common/models/user.go:78.12,80.3 1 1
social-engine/common/models/user.go:82.2,82.47 1 1
